#
# A fatal error has been detected by the Java Runtime Environment:
#
#  SIGSEGV (0xb) at pc=0x00007fff98426912, pid=72297, tid=2571
#
# JRE version: Java(TM) SE Runtime Environment (8.0_20-b26) (build 1.8.0_20-b26)
# Java VM: Java HotSpot(TM) 64-Bit Server VM (25.20-b23 mixed mode bsd-amd64 compressed oops)
# Problematic frame:
# C  [WebKitLegacy+0x8912]  -[WebDataSource webFrame]+0x12
#
# Failed to write core dump. Core dumps have been disabled. To enable core dumping, try "ulimit -c unlimited" before starting Java again
#
# If you would like to submit a bug report, please visit:
#   http://bugreport.sun.com/bugreport/crash.jsp
# The crash happened outside the Java Virtual Machine in native code.
# See problematic frame for where to report the bug.
#

---------------  T H R E A D  ---------------

Current thread (0x00007fe73380d000):  JavaThread "main" [_thread_in_native, id=2571, stack(0x00007fff59fdf000,0x00007fff5a7df000)]

siginfo: si_signo: 11 (SIGSEGV), si_code: 0 (unknown), si_addr: 0x0000000000000000

Registers:
RAX=0xb000000000000000, RBX=0x000000011ada1018, RCX=0x00007fff95aabdb3, RDX=0x00007fe7334fb5b0
RSP=0x00007fff5a7d7d90, RBP=0x00007fff5a7d7d90, RSI=0x00007fff95aabdb3, RDI=0x00007fe7334fb5b0
R8 =0x00007fff5a7d79c8, R9 =0x0000000000000000, R10=0x00007fe7334abad0, R11=0x00007fff7b9d0a30
R12=0x0000000000000000, R13=0x00007fff5a7d7e58, R14=0x00007fff5a7d7e30, R15=0x00007fe73380d000
RIP=0x00007fff98426912, EFLAGS=0x0000000000010246, ERR=0x0000000000000000
  TRAPNO=0x000000000000000d

Top of Stack: (sp=0x00007fff5a7d7d90)
0x00007fff5a7d7d90:   00007fff5a7d7df0 000000011d812f6e
0x00007fff5a7d7da0:   000000b200003408 00000007c008d020
0x00007fff5a7d7db0:   00007fff95aabdb3 00007fe7334fb5b0
0x00007fff5a7d7dc0:   00007fff5a7d7e30 00007fe73380d1e8
0x00007fff5a7d7dd0:   0000000000000000 000000011fb08848
0x00007fff5a7d7de0:   000000011fb08848 000000011ada1018
0x00007fff5a7d7df0:   00007fff5a7d7e40 0000000106bca9b6
0x00007fff5a7d7e00:   00007fff00000000 00007fff5a7d7eb8
0x00007fff5a7d7e10:   00007fff5a7d7e58 00000000000000b8
0x00007fff5a7d7e20:   0000000000000000 000000011fb08e9f
0x00007fff5a7d7e30:   00000007959d9248 00007fe73380d000
0x00007fff5a7d7e40:   00007fff5a7d7eb8 0000000106a67520
0x00007fff5a7d7e50:   0000000106a67520 00007fff95aabdb3
0x00007fff5a7d7e60:   0000000106a882ff 00007fe7334fb5b0
0x00007fff5a7d7e70:   00000007965c6438 00007fff5a7d7e78
0x00007fff5a7d7e80:   000000011fb08e9f 00007fff5a7d7ed8
0x00007fff5a7d7e90:   000000011fb08f30 0000000000000000
0x00007fff5a7d7ea0:   000000011fb08eb8 00007fff5a7d7e58
0x00007fff5a7d7eb0:   00007fff5a7d7ed8 00007fff5a7d7f20
0x00007fff5a7d7ec0:   0000000106a67790 0000000000000000
0x00007fff5a7d7ed0:   0000000000000000 00000007965c6438
0x00007fff5a7d7ee0:   00007fff5a7d7ee0 000000011ae3afa4
0x00007fff5a7d7ef0:   00007fff5a7d7f80 000000011ae43398
0x00007fff5a7d7f00:   0000000000000000 000000011ae3afd0
0x00007fff5a7d7f10:   00007fff5a7d7ed8 00007fff5a7d7f50
0x00007fff5a7d7f20:   00007fff5a7d7fc8 0000000106a67520
0x00007fff5a7d7f30:   0000000000000000 00000007965c6438
0x00007fff5a7d7f40:   00000007965c27c8 00000007965bec20
0x00007fff5a7d7f50:   00007fe7334fb5b0 00007fff5a7d7f70
0x00007fff5a7d7f60:   00007fe73375f4a0 00007fff95aac229
0x00007fff5a7d7f70:   00007fe7334df130 00007fff95aac229
0x00007fff5a7d7f80:   0000000795bfc230 00007fff5a7d7f88 

Instructions: (pc=0x00007fff98426912)
0x00007fff984268f2:   83 c4 18 5b 41 5e 41 5f 5d c3 0f 1f 40 00 55 48
0x00007fff98426902:   89 e5 48 8b 05 4d 90 5a e3 48 8b 04 07 48 8b 00
0x00007fff98426912:   48 8b 78 10 48 85 ff 74 06 5d e9 ff 30 00 00 31
0x00007fff98426922:   c0 5d c3 66 66 2e 0f 1f 84 00 00 00 00 00 55 48 

Register to memory mapping:

RAX=0xb000000000000000 is an unknown value
RBX={method} {0x000000011ada1018} 'objc_msgSend' '(JJ)J' in 'org/eclipse/swt/internal/cocoa/OS'
RCX=0x00007fff95aabdb3 is an unknown value
RDX=0x00007fe7334fb5b0 is an unknown value
RSP=0x00007fff5a7d7d90 is pointing into the stack for thread: 0x00007fe73380d000
RBP=0x00007fff5a7d7d90 is pointing into the stack for thread: 0x00007fe73380d000
RSI=0x00007fff95aabdb3 is an unknown value
RDI=0x00007fe7334fb5b0 is an unknown value
R8 =0x00007fff5a7d79c8 is pointing into the stack for thread: 0x00007fe73380d000
R9 =0x0000000000000000 is an unknown value
R10=0x00007fe7334abad0 is an unknown value
R11=0x00007fff7b9d0a30: OBJC_CLASS_$_WebDataSource+0 in /System/Library/Frameworks/WebKit.framework/Versions/A/Frameworks/WebKitLegacy.framework/Versions/A/WebKitLegacy at 0x00007fff9841e000
R12=0x0000000000000000 is an unknown value
R13=0x00007fff5a7d7e58 is pointing into the stack for thread: 0x00007fe73380d000
R14=0x00007fff5a7d7e30 is pointing into the stack for thread: 0x00007fe73380d000
R15=0x00007fe73380d000 is a thread


Stack: [0x00007fff59fdf000,0x00007fff5a7df000],  sp=0x00007fff5a7d7d90,  free space=8163k
Native frames: (J=compiled Java code, j=interpreted, Vv=VM code, C=native code)
C  [WebKitLegacy+0x8912]  -[WebDataSource webFrame]+0x12
C  [libswt-pi-cocoa-4332.jnilib+0xef6e]  Java_org_eclipse_swt_internal_cocoa_OS_objc_1msgSend__JJ+0x2e
J 164  org.eclipse.swt.internal.cocoa.OS.objc_msgSend(JJ)J (0 bytes) @ 0x0000000106bca9b6 [0x0000000106bca900+0xb6]
j  org.eclipse.swt.internal.cocoa.WebDataSource.webFrame()Lorg/eclipse/swt/internal/cocoa/WebFrame;+7
j  org.eclipse.swt.browser.WebKit.webView_identifierForInitialRequest_fromDataSource(JJJ)J+140
j  org.eclipse.swt.browser.WebKit.browserProc(JJJJJ)J+130
v  ~StubRoutines::call_stub
V  [libjvm.dylib+0x2d429e]
V  [libjvm.dylib+0x309377]
V  [libjvm.dylib+0x3019e9]
C  [libswt-cocoa-4332.jnilib+0x25f92]  callback+0x540
C  [libswt-cocoa-4332.jnilib+0x9252]  fn16_5+0x4b
C  [WebKitLegacy+0x866fb]  _Z24CallResourceLoadDelegatePFvvEP7WebViewP13objc_selectorP11objc_objectS6_+0x3b
C  [WebKitLegacy+0x1495c]  _ZN20WebFrameLoaderClient32assignIdentifierToInitialRequestEmPN7WebCore14DocumentLoaderERKNS0_15ResourceRequestE+0x6c
C  [WebCore+0xcba258]  _ZN7WebCore14ResourceLoader23willSendRequestInternalERNS_15ResourceRequestERKNS_16ResourceResponseE+0x138
C  [WebCore+0xdc1e38]  _ZN7WebCore17SubresourceLoader23willSendRequestInternalERNS_15ResourceRequestERKNS_16ResourceResponseE+0x1e8
C  [WebCore+0x7dc94]  _ZN7WebCore14ResourceLoader4initERKNS_15ResourceRequestE+0x124
C  [WebCore+0x7d998]  _ZN7WebCore17SubresourceLoader6createEPNS_5FrameEPNS_14CachedResourceERKNS_15ResourceRequestERKNS_21ResourceLoaderOptionsE+0xb8
C  [WebCore+0xcbb4d5]  _ZN7WebCore21ResourceLoadScheduler23scheduleSubresourceLoadEPNS_5FrameEPNS_14CachedResourceERKNS_15ResourceRequestERKNS_21ResourceLoaderOptionsE+0x25
C  [WebCore+0x388452]  _ZN7WebCore14CachedResource4loadERNS_20CachedResourceLoaderERKNS_21ResourceLoaderOptionsE+0x442
C  [WebCore+0x7c741]  _ZN7WebCore20CachedResourceLoader15requestResourceENS_14CachedResource4TypeERNS_21CachedResourceRequestE+0xaf1
C  [WebCore+0x7bc22]  _ZN7WebCore20CachedResourceLoader19requestMainResourceERNS_21CachedResourceRequestE+0x22
C  [WebCore+0x265c3]  _ZN7WebCore14DocumentLoader24startLoadingMainResourceEv+0x4d3
C  [WebCore+0x5cc47f]  _ZNSt3__110__function6__funcIZN7WebCore11FrameLoader22loadWithDocumentLoaderEPNS2_14DocumentLoaderENS2_13FrameLoadTypeEN3WTF10PassRefPtrINS2_9FormStateEEENS2_27AllowNavigationToInvalidURLEE3$_4NS_9allocatorISC_EEFvRKNS2_15ResourceRequestESA_bEEclESH_OSA_Ob+0x2f
C  [WebCore+0x791f0]  _ZN7WebCore14PolicyCallback4callEb+0x50
C  [WebCore+0x79173]  _ZN7WebCore13PolicyChecker29continueAfterNavigationPolicyENS_12PolicyActionE+0x593
C  [WebKitLegacy+0x140e9]  -[WebFramePolicyListener receivedPolicyDecision:]+0xc9
C  [libswt-pi-cocoa-4332.jnilib+0xef6e]  Java_org_eclipse_swt_internal_cocoa_OS_objc_1msgSend__JJ+0x2e
J 164  org.eclipse.swt.internal.cocoa.OS.objc_msgSend(JJ)J (0 bytes) @ 0x0000000106bca9b6 [0x0000000106bca900+0xb6]
j  org.eclipse.swt.internal.cocoa.WebPolicyDecisionListener.use()V+7
j  org.eclipse.swt.browser.WebKit.webView_decidePolicyForNavigationAction_request_frame_decisionListener(JJJJJ)V+334
j  org.eclipse.swt.browser.WebKit.browserProc(JJJJJJJ)J+118
v  ~StubRoutines::call_stub
V  [libjvm.dylib+0x2d429e]
V  [libjvm.dylib+0x309377]
V  [libjvm.dylib+0x3019e9]
C  [libswt-cocoa-4332.jnilib+0x25f92]  callback+0x540
C  [libswt-cocoa-4332.jnilib+0xe934]  fn18_7+0x63
C  [CoreFoundation+0x3917c]  __invoking___+0x8c
C  [CoreFoundation+0x38fce]  -[NSInvocation invoke]+0x11e
C  [CoreFoundation+0xd8be6]  -[NSInvocation invokeWithTarget:]+0x36
C  [WebKitLegacy+0x13efb]  -[_WebSafeForwarder forwardInvocation:]+0x5b
C  [CoreFoundation+0xaa412]  ___forwarding___+0x202
C  [CoreFoundation+0xaa188]  _CF_forwarding_prep_0+0x78
C  [WebKitLegacy+0x931d4]  _ZN20WebFrameLoaderClient39dispatchDecidePolicyForNavigationActionERKN7WebCore16NavigationActionERKNS0_15ResourceRequestEN3WTF10PassRefPtrINS0_9FormStateEEENSt3__18functionIFvNS0_12PolicyActionEEEE+0x124
C  [WebCore+0xb81857]  _ZN7WebCore13PolicyChecker21checkNavigationPolicyERKNS_15ResourceRequestEPNS_14DocumentLoaderEN3WTF10PassRefPtrINS_9FormStateEEENSt3__18functionIFvS3_S9_bEEE+0xf47
C  [WebCore+0x5c7e34]  _ZN7WebCore11FrameLoader22loadWithDocumentLoaderEPNS_14DocumentLoaderENS_13FrameLoadTypeEN3WTF10PassRefPtrINS_9FormStateEEENS_27AllowNavigationToInvalidURLE+0x804
C  [WebCore+0x7730e]  _ZN7WebCore11FrameLoader4loadEPNS_14DocumentLoaderE+0xfe
C  [WebCore+0x770d2]  _ZN7WebCore11FrameLoader4loadERKNS_16FrameLoadRequestE+0x642
C  [WebKitLegacy+0x18461]  -[WebFrame loadRequest:]+0x181
C  [libswt-pi-cocoa-4332.jnilib+0xf394]  Java_org_eclipse_swt_internal_cocoa_OS_objc_1msgSend__JJJ+0x36
J 496  org.eclipse.swt.internal.cocoa.OS.objc_msgSend(JJJ)J (0 bytes) @ 0x0000000106c88afd [0x0000000106c88a40+0xbd]
j  org.eclipse.swt.internal.cocoa.WebFrame.loadRequest(Lorg/eclipse/swt/internal/cocoa/NSURLRequest;)V+19
j  org.eclipse.swt.browser.WebKit.setUrl(Ljava/lang/String;Ljava/lang/String;[Ljava/lang/String;)Z+317
j  org.eclipse.swt.browser.Browser.setUrl(Ljava/lang/String;Ljava/lang/String;[Ljava/lang/String;)Z+19
j  org.eclipse.swt.browser.Browser.setUrl(Ljava/lang/String;)Z+8
j  br.com.dbez.bc.WebsiteThumbnailGenerator$1.run()V+40
j  org.eclipse.swt.widgets.RunnableLock.run()V+11
j  org.eclipse.swt.widgets.Synchronizer.runAsyncMessages(Z)Z+29
j  org.eclipse.swt.widgets.Display.runAsyncMessages(Z)Z+5
j  org.eclipse.swt.widgets.Display.readAndDispatch()Z+143
j  br.com.dbez.webservice.SiteThumbnailGeneratorWSPublisher.main([Ljava/lang/String;)V+85
v  ~StubRoutines::call_stub
V  [libjvm.dylib+0x2d429e]
V  [libjvm.dylib+0x309377]
V  [libjvm.dylib+0x302571]
C  [java+0x2c82]  JavaMain+0x998
C  [java+0x4848]  -[JavaLaunchHelper launchJava:]+0x2a
C  [Foundation+0x8dd4b]  __NSThreadPerformPerform+0x117
C  [CoreFoundation+0x7e5c1]  __CFRUNLOOP_IS_CALLING_OUT_TO_A_SOURCE0_PERFORM_FUNCTION__+0x11
C  [CoreFoundation+0x7041c]  __CFRunLoopDoSources0+0x22c
C  [CoreFoundation+0x6f93f]  __CFRunLoopRun+0x39f
C  [CoreFoundation+0x6f338]  CFRunLoopRunSpecific+0x128
C  [java+0x56cc]  CreateExecutionEnvironment+0x367
C  [java+0x165c]  JLI_Launch+0x7a0
C  [java+0x768a]  main+0x65
C  [java+0xeb4]  start+0x34
C  0x0000000000000007

Java frames: (J=compiled Java code, j=interpreted, Vv=VM code)
J 164  org.eclipse.swt.internal.cocoa.OS.objc_msgSend(JJ)J (0 bytes) @ 0x0000000106bca944 [0x0000000106bca900+0x44]
j  org.eclipse.swt.internal.cocoa.WebDataSource.webFrame()Lorg/eclipse/swt/internal/cocoa/WebFrame;+7
j  org.eclipse.swt.browser.WebKit.webView_identifierForInitialRequest_fromDataSource(JJJ)J+140
j  org.eclipse.swt.browser.WebKit.browserProc(JJJJJ)J+130
v  ~StubRoutines::call_stub
J 164  org.eclipse.swt.internal.cocoa.OS.objc_msgSend(JJ)J (0 bytes) @ 0x0000000106bca944 [0x0000000106bca900+0x44]
j  org.eclipse.swt.internal.cocoa.WebPolicyDecisionListener.use()V+7
j  org.eclipse.swt.browser.WebKit.webView_decidePolicyForNavigationAction_request_frame_decisionListener(JJJJJ)V+334
j  org.eclipse.swt.browser.WebKit.browserProc(JJJJJJJ)J+118
v  ~StubRoutines::call_stub
J 496  org.eclipse.swt.internal.cocoa.OS.objc_msgSend(JJJ)J (0 bytes) @ 0x0000000106c88a87 [0x0000000106c88a40+0x47]
j  org.eclipse.swt.internal.cocoa.WebFrame.loadRequest(Lorg/eclipse/swt/internal/cocoa/NSURLRequest;)V+19
j  org.eclipse.swt.browser.WebKit.setUrl(Ljava/lang/String;Ljava/lang/String;[Ljava/lang/String;)Z+317
j  org.eclipse.swt.browser.Browser.setUrl(Ljava/lang/String;Ljava/lang/String;[Ljava/lang/String;)Z+19
j  org.eclipse.swt.browser.Browser.setUrl(Ljava/lang/String;)Z+8
j  br.com.dbez.bc.WebsiteThumbnailGenerator$1.run()V+40
j  org.eclipse.swt.widgets.RunnableLock.run()V+11
j  org.eclipse.swt.widgets.Synchronizer.runAsyncMessages(Z)Z+29
j  org.eclipse.swt.widgets.Display.runAsyncMessages(Z)Z+5
j  org.eclipse.swt.widgets.Display.readAndDispatch()Z+143
j  br.com.dbez.webservice.SiteThumbnailGeneratorWSPublisher.main([Ljava/lang/String;)V+85
v  ~StubRoutines::call_stub

---------------  P R O C E S S  ---------------

Java Threads: ( => current thread )
  0x00007fe7339a9000 JavaThread "pool-1-thread-1" [_thread_blocked, id=39707, stack(0x00007000012d6000,0x00007000013d6000)]
  0x00007fe733b3c800 JavaThread "Thread-3" [_thread_in_native, id=43267, stack(0x0000700001150000,0x0000700001250000)]
  0x00007fe734283800 JavaThread "server-timer" daemon [_thread_blocked, id=43015, stack(0x000070000104d000,0x000070000114d000)]
  0x00007fe734050000 JavaThread "Service Thread" daemon [_thread_blocked, id=17923, stack(0x0000700000d41000,0x0000700000e41000)]
  0x00007fe733867800 JavaThread "C1 CompilerThread1" daemon [_thread_blocked, id=17411, stack(0x0000700000c3e000,0x0000700000d3e000)]
  0x00007fe73385f000 JavaThread "C2 CompilerThread0" daemon [_thread_blocked, id=16899, stack(0x0000700000b3b000,0x0000700000c3b000)]
  0x00007fe733827000 JavaThread "JDWP Command Reader" daemon [_thread_in_native, id=16387, stack(0x0000700000a38000,0x0000700000b38000)]
  0x00007fe733854000 JavaThread "JDWP Event Helper Thread" daemon [_thread_blocked, id=15875, stack(0x0000700000935000,0x0000700000a35000)]
  0x00007fe734043000 JavaThread "JDWP Transport Listener: dt_socket" daemon [_thread_blocked, id=15363, stack(0x0000700000832000,0x0000700000932000)]
  0x00007fe734042800 JavaThread "Signal Dispatcher" daemon [_thread_blocked, id=12047, stack(0x000070000072f000,0x000070000082f000)]
  0x00007fe73383d800 JavaThread "Finalizer" daemon [_thread_blocked, id=11267, stack(0x0000700000526000,0x0000700000626000)]
  0x00007fe734006000 JavaThread "Reference Handler" daemon [_thread_blocked, id=10755, stack(0x0000700000423000,0x0000700000523000)]
=>0x00007fe73380d000 JavaThread "main" [_thread_in_native, id=2571, stack(0x00007fff59fdf000,0x00007fff5a7df000)]

Other Threads:
  0x00007fe73383b000 VMThread [stack: 0x0000700000320000,0x0000700000420000] [id=10243]
  0x00007fe733868800 WatcherThread [stack: 0x0000700000e44000,0x0000700000f44000] [id=18435]

VM state:not at safepoint (normal execution)

VM Mutex/Monitor currently owned by a thread: None

Heap:
 PSYoungGen      total 38400K, used 18777K [0x0000000795580000, 0x0000000798000000, 0x00000007c0000000)
  eden space 33280K, 56% used [0x0000000795580000,0x00000007967d6480,0x0000000797600000)
  from space 5120K, 0% used [0x0000000797b00000,0x0000000797b00000,0x0000000798000000)
  to   space 5120K, 0% used [0x0000000797600000,0x0000000797600000,0x0000000797b00000)
 ParOldGen       total 87552K, used 0K [0x0000000740000000, 0x0000000745580000, 0x0000000795580000)
  object space 87552K, 0% used [0x0000000740000000,0x0000000740000000,0x0000000745580000)
 Metaspace       used 13678K, capacity 13787K, committed 14080K, reserved 1060864K
  class space    used 1656K, capacity 1683K, committed 1792K, reserved 1048576K

Card table byte_map: [0x0000000115e20000,0x0000000116221000] byte_map_base: 0x0000000112420000

Marking Bits: (ParMarkBitMap*) 0x0000000105f38330
 Begin Bits: [0x00000001164cc000, 0x00000001184cc000)
 End Bits:   [0x00000001184cc000, 0x000000011a4cc000)

Polling page: 0x00000001065fe000

CodeCache: size=245760Kb used=2475Kb max_used=2475Kb free=243284Kb
 bounds [0x0000000106a60000, 0x0000000106cd0000, 0x0000000115a60000]
 total_blobs=975 nmethods=553 adapters=346
 compilation: enabled

Compilation events (10 events):
Event: 10.886 Thread 0x00007fe733867800 nmethod 554 0x0000000106cc6a10 code [0x0000000106cc6b60, 0x0000000106cc6c70]
Event: 10.891 Thread 0x00007fe733867800  555  s!   3       sun.misc.URLClassPath::getLoader (154 bytes)
Event: 10.891 Thread 0x00007fe73385f000 nmethod 549 0x0000000106cca010 code [0x0000000106cca1c0, 0x0000000106cca8e8]
Event: 10.892 Thread 0x00007fe73385f000  548       4       java.lang.CharacterDataLatin1::isWhitespace (23 bytes)
Event: 10.893 Thread 0x00007fe73385f000 nmethod 548 0x0000000106cc7090 code [0x0000000106cc71e0, 0x0000000106cc7298]
Event: 10.894 Thread 0x00007fe733867800 nmethod 555 0x0000000106ccae90 code [0x0000000106ccb200, 0x0000000106ccd668]
Event: 10.895 Thread 0x00007fe733867800  556       1       java.util.jar.JarFile::access$300 (5 bytes)
Event: 10.895 Thread 0x00007fe733867800 nmethod 556 0x0000000106cc6dd0 code [0x0000000106cc6f20, 0x0000000106cc7010]
Event: 10.925 Thread 0x00007fe733867800  557       3       java.lang.ClassLoader::loadClass (7 bytes)
Event: 10.926 Thread 0x00007fe733867800 nmethod 557 0x0000000106cc9bd0 code [0x0000000106cc9d40, 0x0000000106cc9f68]

GC Heap History (0 events):
No events

Deoptimization events (0 events):
No events

Internal exceptions (10 events):
Event: 10.898 Thread 0x00007fe73380d000 Exception <a 'java/security/PrivilegedActionException'> (0x00000007965a3798) thrown at [/HUDSON3/workspace/8-2-build-macosx-x86_64/jdk8u20/1074/hotspot/src/share/vm/prims/jvm.cpp, line 1275]
Event: 10.900 Thread 0x00007fe73380d000 Exception <a 'java/security/PrivilegedActionException'> (0x00000007965a6628) thrown at [/HUDSON3/workspace/8-2-build-macosx-x86_64/jdk8u20/1074/hotspot/src/share/vm/prims/jvm.cpp, line 1275]
Event: 10.902 Thread 0x00007fe73380d000 Exception <a 'java/security/PrivilegedActionException'> (0x00000007965aa4e8) thrown at [/HUDSON3/workspace/8-2-build-macosx-x86_64/jdk8u20/1074/hotspot/src/share/vm/prims/jvm.cpp, line 1275]
Event: 10.909 Thread 0x00007fe73380d000 Exception <a 'java/security/PrivilegedActionException'> (0x00000007965ae330) thrown at [/HUDSON3/workspace/8-2-build-macosx-x86_64/jdk8u20/1074/hotspot/src/share/vm/prims/jvm.cpp, line 1275]
Event: 10.911 Thread 0x00007fe73380d000 Exception <a 'java/security/PrivilegedActionException'> (0x00000007965b1968) thrown at [/HUDSON3/workspace/8-2-build-macosx-x86_64/jdk8u20/1074/hotspot/src/share/vm/prims/jvm.cpp, line 1275]
Event: 10.912 Thread 0x00007fe73380d000 Exception <a 'java/security/PrivilegedActionException'> (0x00000007965b4d78) thrown at [/HUDSON3/workspace/8-2-build-macosx-x86_64/jdk8u20/1074/hotspot/src/share/vm/prims/jvm.cpp, line 1275]
Event: 10.912 Thread 0x00007fe73380d000 Exception <a 'java/security/PrivilegedActionException'> (0x00000007965b8a98) thrown at [/HUDSON3/workspace/8-2-build-macosx-x86_64/jdk8u20/1074/hotspot/src/share/vm/prims/jvm.cpp, line 1275]
Event: 10.918 Thread 0x00007fe73380d000 Exception <a 'java/security/PrivilegedActionException'> (0x00000007965bc018) thrown at [/HUDSON3/workspace/8-2-build-macosx-x86_64/jdk8u20/1074/hotspot/src/share/vm/prims/jvm.cpp, line 1275]
Event: 10.926 Thread 0x00007fe73380d000 Exception <a 'java/security/PrivilegedActionException'> (0x00000007965bf518) thrown at [/HUDSON3/workspace/8-2-build-macosx-x86_64/jdk8u20/1074/hotspot/src/share/vm/prims/jvm.cpp, line 1275]
Event: 10.929 Thread 0x00007fe73380d000 Exception <a 'java/security/PrivilegedActionException'> (0x00000007965c2f30) thrown at [/HUDSON3/workspace/8-2-build-macosx-x86_64/jdk8u20/1074/hotspot/src/share/vm/prims/jvm.cpp, line 1275]

Events (10 events):
Event: 10.929 loading class org/eclipse/swt/internal/cocoa/WebDataSource
Event: 10.929 loading class org/eclipse/swt/internal/cocoa/WebDataSource done
Event: 10.929 Executing VM operation: RevokeBias
Event: 10.929 Executing VM operation: RevokeBias done
Event: 10.929 Thread 0x00007fe73380d000 DEOPT PACKING pc=0x0000000106bbd054 sp=0x00007fff5a7d6c80
Event: 10.929 Thread 0x00007fe73380d000 DEOPT UNPACKING pc=0x0000000106aa6f73 sp=0x00007fff5a7d6ac0 mode 1
Event: 10.929 Executing VM operation: RevokeBias
Event: 10.929 Executing VM operation: RevokeBias done
Event: 10.929 Thread 0x00007fe73380d000 DEOPT PACKING pc=0x0000000106bbcdf4 sp=0x00007fff5a7d6e10
Event: 10.929 Thread 0x00007fe73380d000 DEOPT UNPACKING pc=0x0000000106aa6f73 sp=0x00007fff5a7d6c68 mode 1


Dynamic libraries:
0x000000000811f000 	/System/Library/Frameworks/Cocoa.framework/Versions/A/Cocoa
0x000000000811f000 	/System/Library/Frameworks/Security.framework/Versions/A/Security
0x000000000811f000 	/System/Library/Frameworks/ApplicationServices.framework/Versions/A/ApplicationServices
0x000000000811f000 	/usr/lib/libz.1.dylib
0x000000000811f000 	/usr/lib/libSystem.B.dylib
0x000000000811f000 	/usr/lib/libobjc.A.dylib
0x000000000811f000 	/System/Library/Frameworks/CoreFoundation.framework/Versions/A/CoreFoundation
0x000000000811f000 	/System/Library/Frameworks/Foundation.framework/Versions/C/Foundation
0x000000000811f000 	/System/Library/Frameworks/AppKit.framework/Versions/C/AppKit
0x000000000811f000 	/System/Library/Frameworks/CoreData.framework/Versions/A/CoreData
0x000000000811f000 	/System/Library/PrivateFrameworks/RemoteViewServices.framework/Versions/A/RemoteViewServices
0x000000000811f000 	/System/Library/PrivateFrameworks/UIFoundation.framework/Versions/A/UIFoundation
0x000000000811f000 	/usr/lib/libScreenReader.dylib
0x000000000811f000 	/System/Library/Frameworks/Accelerate.framework/Versions/A/Accelerate
0x000000000811f000 	/System/Library/Frameworks/IOSurface.framework/Versions/A/IOSurface
0x000000000811f000 	/System/Library/Frameworks/AudioToolbox.framework/Versions/A/AudioToolbox
0x000000000811f000 	/System/Library/Frameworks/AudioUnit.framework/Versions/A/AudioUnit
0x000000000811f000 	/System/Library/PrivateFrameworks/DataDetectorsCore.framework/Versions/A/DataDetectorsCore
0x000000000811f000 	/System/Library/PrivateFrameworks/DesktopServicesPriv.framework/Versions/A/DesktopServicesPriv
0x000000000811f000 	/System/Library/Frameworks/Carbon.framework/Versions/A/Frameworks/HIToolbox.framework/Versions/A/HIToolbox
0x000000000811f000 	/System/Library/Frameworks/QuartzCore.framework/Versions/A/QuartzCore
0x000000000811f000 	/System/Library/Frameworks/Carbon.framework/Versions/A/Frameworks/SpeechRecognition.framework/Versions/A/SpeechRecognition
0x000000000811f000 	/usr/lib/libauto.dylib
0x000000000811f000 	/usr/lib/libicucore.A.dylib
0x000000000811f000 	/usr/lib/libxml2.2.dylib
0x000000000811f000 	/System/Library/PrivateFrameworks/CoreUI.framework/Versions/A/CoreUI
0x000000000811f000 	/System/Library/Frameworks/CoreAudio.framework/Versions/A/CoreAudio
0x000000000811f000 	/System/Library/Frameworks/DiskArbitration.framework/Versions/A/DiskArbitration
0x000000000811f000 	/usr/lib/liblangid.dylib
0x000000000811f000 	/System/Library/PrivateFrameworks/MultitouchSupport.framework/Versions/A/MultitouchSupport
0x000000000811f000 	/System/Library/Frameworks/IOKit.framework/Versions/A/IOKit
0x000000000811f000 	/usr/lib/libDiagnosticMessagesClient.dylib
0x000000000811f000 	/System/Library/Frameworks/CoreServices.framework/Versions/A/CoreServices
0x000000000811f000 	/System/Library/PrivateFrameworks/PerformanceAnalysis.framework/Versions/A/PerformanceAnalysis
0x000000000811f000 	/System/Library/PrivateFrameworks/GenerationalStorage.framework/Versions/A/GenerationalStorage
0x000000000811f000 	/System/Library/Frameworks/OpenGL.framework/Versions/A/OpenGL
0x000000000811f000 	/System/Library/PrivateFrameworks/Sharing.framework/Versions/A/Sharing
0x000000000811f000 	/System/Library/Frameworks/CoreGraphics.framework/Versions/A/CoreGraphics
0x000000000811f000 	/System/Library/Frameworks/CoreImage.framework/Versions/A/CoreImage
0x000000000811f000 	/System/Library/Frameworks/CoreText.framework/Versions/A/CoreText
0x000000000811f000 	/System/Library/Frameworks/ImageIO.framework/Versions/A/ImageIO
0x000000000811f000 	/System/Library/PrivateFrameworks/Backup.framework/Versions/A/Backup
0x000000000811f000 	/usr/lib/libextension.dylib
0x000000000811f000 	/usr/lib/libarchive.2.dylib
0x000000000811f000 	/System/Library/Frameworks/CFNetwork.framework/Versions/A/CFNetwork
0x000000000811f000 	/System/Library/Frameworks/SystemConfiguration.framework/Versions/A/SystemConfiguration
0x000000000811f000 	/usr/lib/libCRFSuite.dylib
0x000000000811f000 	/usr/lib/libc++.1.dylib
0x000000000811f000 	/usr/lib/libc++abi.dylib
0x000000000811f000 	/usr/lib/system/libcache.dylib
0x000000000811f000 	/usr/lib/system/libcommonCrypto.dylib
0x000000000811f000 	/usr/lib/system/libcompiler_rt.dylib
0x000000000811f000 	/usr/lib/system/libcopyfile.dylib
0x000000000811f000 	/usr/lib/system/libcorecrypto.dylib
0x000000000811f000 	/usr/lib/system/libdispatch.dylib
0x000000000811f000 	/usr/lib/system/libdyld.dylib
0x000000000811f000 	/usr/lib/system/libkeymgr.dylib
0x000000000811f000 	/usr/lib/system/liblaunch.dylib
0x000000000811f000 	/usr/lib/system/libmacho.dylib
0x000000000811f000 	/usr/lib/system/libquarantine.dylib
0x000000000811f000 	/usr/lib/system/libremovefile.dylib
0x000000000811f000 	/usr/lib/system/libsystem_asl.dylib
0x000000000811f000 	/usr/lib/system/libsystem_blocks.dylib
0x000000000811f000 	/usr/lib/system/libsystem_c.dylib
0x000000000811f000 	/usr/lib/system/libsystem_configuration.dylib
0x000000000811f000 	/usr/lib/system/libsystem_coreservices.dylib
0x000000000811f000 	/usr/lib/system/libsystem_coretls.dylib
0x000000000811f000 	/usr/lib/system/libsystem_dnssd.dylib
0x000000000811f000 	/usr/lib/system/libsystem_info.dylib
0x000000000811f000 	/usr/lib/system/libsystem_kernel.dylib
0x000000000811f000 	/usr/lib/system/libsystem_m.dylib
0x000000000811f000 	/usr/lib/system/libsystem_malloc.dylib
0x000000000811f000 	/usr/lib/system/libsystem_network.dylib
0x000000000811f000 	/usr/lib/system/libsystem_networkextension.dylib
0x000000000811f000 	/usr/lib/system/libsystem_notify.dylib
0x000000000811f000 	/usr/lib/system/libsystem_platform.dylib
0x000000000811f000 	/usr/lib/system/libsystem_pthread.dylib
0x000000000811f000 	/usr/lib/system/libsystem_sandbox.dylib
0x000000000811f000 	/usr/lib/system/libsystem_secinit.dylib
0x000000000811f000 	/usr/lib/system/libsystem_trace.dylib
0x000000000811f000 	/usr/lib/system/libunc.dylib
0x000000000811f000 	/usr/lib/system/libunwind.dylib
0x000000000811f000 	/usr/lib/system/libxpc.dylib
0x000000000811f000 	/usr/lib/libenergytrace.dylib
0x000000000811f000 	/usr/lib/libbsm.0.dylib
0x000000000811f000 	/usr/lib/system/libkxld.dylib
0x000000000811f000 	/usr/lib/libxar.1.dylib
0x000000000811f000 	/usr/lib/libsqlite3.dylib
0x000000000811f000 	/usr/lib/libpam.2.dylib
0x000000000811f000 	/usr/lib/libOpenScriptingUtil.dylib
0x000000000811f000 	/usr/lib/libbz2.1.0.dylib
0x000000000811f000 	/usr/lib/liblzma.5.dylib
0x000000000811f000 	/System/Library/Frameworks/CoreServices.framework/Versions/A/Frameworks/FSEvents.framework/Versions/A/FSEvents
0x000000000811f000 	/System/Library/Frameworks/CoreServices.framework/Versions/A/Frameworks/CarbonCore.framework/Versions/A/CarbonCore
0x000000000811f000 	/System/Library/Frameworks/CoreServices.framework/Versions/A/Frameworks/Metadata.framework/Versions/A/Metadata
0x000000000811f000 	/System/Library/Frameworks/CoreServices.framework/Versions/A/Frameworks/OSServices.framework/Versions/A/OSServices
0x000000000811f000 	/System/Library/Frameworks/CoreServices.framework/Versions/A/Frameworks/SearchKit.framework/Versions/A/SearchKit
0x000000000811f000 	/System/Library/Frameworks/CoreServices.framework/Versions/A/Frameworks/AE.framework/Versions/A/AE
0x000000000811f000 	/System/Library/Frameworks/CoreServices.framework/Versions/A/Frameworks/LaunchServices.framework/Versions/A/LaunchServices
0x000000000811f000 	/System/Library/Frameworks/CoreServices.framework/Versions/A/Frameworks/DictionaryServices.framework/Versions/A/DictionaryServices
0x000000000811f000 	/System/Library/Frameworks/CoreServices.framework/Versions/A/Frameworks/SharedFileList.framework/Versions/A/SharedFileList
0x000000000811f000 	/System/Library/Frameworks/NetFS.framework/Versions/A/NetFS
0x000000000811f000 	/System/Library/PrivateFrameworks/NetAuth.framework/Versions/A/NetAuth
0x000000000811f000 	/System/Library/PrivateFrameworks/login.framework/Versions/A/Frameworks/loginsupport.framework/Versions/A/loginsupport
0x000000000811f000 	/System/Library/PrivateFrameworks/TCC.framework/Versions/A/TCC
0x000000000811f000 	/usr/lib/libmecabra.dylib
0x000000000811f000 	/System/Library/Frameworks/ApplicationServices.framework/Versions/A/Frameworks/ATS.framework/Versions/A/ATS
0x000000000811f000 	/System/Library/Frameworks/ApplicationServices.framework/Versions/A/Frameworks/ColorSync.framework/Versions/A/ColorSync
0x000000000811f000 	/System/Library/Frameworks/ApplicationServices.framework/Versions/A/Frameworks/HIServices.framework/Versions/A/HIServices
0x000000000811f000 	/System/Library/Frameworks/ApplicationServices.framework/Versions/A/Frameworks/LangAnalysis.framework/Versions/A/LangAnalysis
0x000000000811f000 	/System/Library/Frameworks/ApplicationServices.framework/Versions/A/Frameworks/PrintCore.framework/Versions/A/PrintCore
0x000000000811f000 	/System/Library/Frameworks/ApplicationServices.framework/Versions/A/Frameworks/QD.framework/Versions/A/QD
0x000000000811f000 	/System/Library/Frameworks/ApplicationServices.framework/Versions/A/Frameworks/SpeechSynthesis.framework/Versions/A/SpeechSynthesis
0x000000000811f000 	/System/Library/Frameworks/Metal.framework/Versions/A/Metal
0x000000000811f000 	/System/Library/Frameworks/Accelerate.framework/Versions/A/Frameworks/vImage.framework/Versions/A/vImage
0x000000000811f000 	/System/Library/Frameworks/Accelerate.framework/Versions/A/Frameworks/vecLib.framework/Versions/A/vecLib
0x000000000811f000 	/System/Library/Frameworks/Accelerate.framework/Versions/A/Frameworks/vecLib.framework/Versions/A/libvDSP.dylib
0x000000000811f000 	/System/Library/Frameworks/Accelerate.framework/Versions/A/Frameworks/vecLib.framework/Versions/A/libvMisc.dylib
0x000000000811f000 	/System/Library/Frameworks/Accelerate.framework/Versions/A/Frameworks/vecLib.framework/Versions/A/libLAPACK.dylib
0x000000000811f000 	/System/Library/Frameworks/Accelerate.framework/Versions/A/Frameworks/vecLib.framework/Versions/A/libBLAS.dylib
0x000000000811f000 	/System/Library/Frameworks/Accelerate.framework/Versions/A/Frameworks/vecLib.framework/Versions/A/libLinearAlgebra.dylib
0x000000000811f000 	/System/Library/Frameworks/Accelerate.framework/Versions/A/Frameworks/vecLib.framework/Versions/A/libSparseBLAS.dylib
0x000000000811f000 	/System/Library/PrivateFrameworks/GPUCompiler.framework/libmetal_timestamp.dylib
0x000000000811f000 	/System/Library/Frameworks/OpenGL.framework/Versions/A/Libraries/libCoreFSCache.dylib
0x000000000811f000 	/System/Library/PrivateFrameworks/IOAccelerator.framework/Versions/A/IOAccelerator
0x000000000811f000 	/System/Library/Frameworks/ApplicationServices.framework/Versions/A/Frameworks/ATS.framework/Versions/A/Resources/libFontParser.dylib
0x000000000811f000 	/System/Library/Frameworks/ApplicationServices.framework/Versions/A/Frameworks/ATS.framework/Versions/A/Resources/libFontRegistry.dylib
0x000000000811f000 	/System/Library/PrivateFrameworks/AppleVPA.framework/Versions/A/AppleVPA
0x000000000811f000 	/System/Library/PrivateFrameworks/AppleJPEG.framework/Versions/A/AppleJPEG
0x000000000811f000 	/System/Library/Frameworks/ImageIO.framework/Versions/A/Resources/libJPEG.dylib
0x000000000811f000 	/System/Library/Frameworks/ImageIO.framework/Versions/A/Resources/libTIFF.dylib
0x000000000811f000 	/System/Library/Frameworks/ImageIO.framework/Versions/A/Resources/libPng.dylib
0x000000000811f000 	/System/Library/Frameworks/ImageIO.framework/Versions/A/Resources/libGIF.dylib
0x000000000811f000 	/System/Library/Frameworks/ImageIO.framework/Versions/A/Resources/libJP2.dylib
0x000000000811f000 	/System/Library/Frameworks/ImageIO.framework/Versions/A/Resources/libRadiance.dylib
0x000000000811f000 	/System/Library/Frameworks/CoreVideo.framework/Versions/A/CoreVideo
0x000000000811f000 	/System/Library/Frameworks/OpenGL.framework/Versions/A/Libraries/libGLU.dylib
0x000000000811f000 	/System/Library/Frameworks/OpenGL.framework/Versions/A/Libraries/libGFXShared.dylib
0x000000000811f000 	/System/Library/Frameworks/OpenGL.framework/Versions/A/Libraries/libGL.dylib
0x000000000811f000 	/System/Library/Frameworks/OpenGL.framework/Versions/A/Libraries/libGLImage.dylib
0x000000000811f000 	/System/Library/Frameworks/OpenGL.framework/Versions/A/Libraries/libCVMSPluginSupport.dylib
0x000000000811f000 	/System/Library/Frameworks/OpenGL.framework/Versions/A/Libraries/libCoreVMClient.dylib
0x000000000811f000 	/usr/lib/libcups.2.dylib
0x000000000811f000 	/System/Library/Frameworks/Kerberos.framework/Versions/A/Kerberos
0x000000000811f000 	/System/Library/Frameworks/GSS.framework/Versions/A/GSS
0x000000000811f000 	/usr/lib/libresolv.9.dylib
0x000000000811f000 	/usr/lib/libiconv.2.dylib
0x000000000811f000 	/System/Library/PrivateFrameworks/Heimdal.framework/Versions/A/Heimdal
0x000000000811f000 	/usr/lib/libheimdal-asn1.dylib
0x000000000811f000 	/System/Library/Frameworks/OpenDirectory.framework/Versions/A/OpenDirectory
0x000000000811f000 	/System/Library/PrivateFrameworks/CommonAuth.framework/Versions/A/CommonAuth
0x000000000811f000 	/System/Library/Frameworks/OpenDirectory.framework/Versions/A/Frameworks/CFOpenDirectory.framework/Versions/A/CFOpenDirectory
0x000000000811f000 	/System/Library/Frameworks/SecurityFoundation.framework/Versions/A/SecurityFoundation
0x000000000811f000 	/System/Library/PrivateFrameworks/LanguageModeling.framework/Versions/A/LanguageModeling
0x000000000811f000 	/usr/lib/libmarisa.dylib
0x000000000811f000 	/usr/lib/libChineseTokenizer.dylib
0x000000000811f000 	/usr/lib/libcmph.dylib
0x000000000811f000 	/usr/lib/libcompression.dylib
0x000000000811f000 	/System/Library/Frameworks/ServiceManagement.framework/Versions/A/ServiceManagement
0x000000000811f000 	/usr/lib/libxslt.1.dylib
0x000000000811f000 	/System/Library/Frameworks/Carbon.framework/Versions/A/Frameworks/Ink.framework/Versions/A/Ink
0x000000000811f000 	/usr/lib/libFosl_dynamic.dylib
0x000000000811f000 	/System/Library/PrivateFrameworks/FaceCore.framework/Versions/A/FaceCore
0x000000000811f000 	/System/Library/Frameworks/OpenCL.framework/Versions/A/OpenCL
0x000000000811f000 	/System/Library/PrivateFrameworks/CrashReporterSupport.framework/Versions/A/CrashReporterSupport
0x000000000811f000 	/System/Library/PrivateFrameworks/IconServices.framework/Versions/A/IconServices
0x000000000811f000 	/System/Library/PrivateFrameworks/Apple80211.framework/Versions/A/Apple80211
0x000000000811f000 	/System/Library/Frameworks/CoreWLAN.framework/Versions/A/CoreWLAN
0x000000000811f000 	/System/Library/Frameworks/IOBluetooth.framework/Versions/A/IOBluetooth
0x000000000811f000 	/System/Library/PrivateFrameworks/CoreWiFi.framework/Versions/A/CoreWiFi
0x000000000811f000 	/System/Library/Frameworks/CoreBluetooth.framework/Versions/A/CoreBluetooth
0x000000000811f000 	/System/Library/PrivateFrameworks/ChunkingLibrary.framework/Versions/A/ChunkingLibrary
0x000000000811f000 	/System/Library/PrivateFrameworks/DebugSymbols.framework/Versions/A/DebugSymbols
0x000000000811f000 	/System/Library/PrivateFrameworks/CoreSymbolication.framework/Versions/A/CoreSymbolication
0x000000000811f000 	/System/Library/PrivateFrameworks/Symbolication.framework/Versions/A/Symbolication
0x000000000811f000 	/System/Library/PrivateFrameworks/SpeechRecognitionCore.framework/Versions/A/SpeechRecognitionCore
0x000000010569c000 	/Library/Java/JavaVirtualMachines/jdk1.8.0_20.jdk/Contents/Home/jre/lib/server/libjvm.dylib
0x000000000811f000 	/usr/lib/libstdc++.6.dylib
0x00000001065bc000 	/Library/Java/JavaVirtualMachines/jdk1.8.0_20.jdk/Contents/Home/jre/lib/libverify.dylib
0x00000001065ca000 	/Library/Java/JavaVirtualMachines/jdk1.8.0_20.jdk/Contents/Home/jre/lib/libjava.dylib
0x0000000106a00000 	/Library/Java/JavaVirtualMachines/jdk1.8.0_20.jdk/Contents/Home/jre/lib/libjdwp.dylib
0x0000000106a4b000 	/Library/Java/JavaVirtualMachines/jdk1.8.0_20.jdk/Contents/Home/jre/lib/libnpt.dylib
0x0000000106a57000 	/Library/Java/JavaVirtualMachines/jdk1.8.0_20.jdk/Contents/Home/jre/lib/libzip.dylib
0x000000011bd7f000 	/System/Library/Frameworks/JavaVM.framework/Frameworks/JavaRuntimeSupport.framework/JavaRuntimeSupport
0x000000011bd9a000 	/System/Library/Frameworks/JavaVM.framework/Versions/A/Frameworks/JavaNativeFoundation.framework/Versions/A/JavaNativeFoundation
0x000000011bdaf000 	/System/Library/Frameworks/JavaVM.framework/Versions/A/JavaVM
0x000000000811f000 	/System/Library/Frameworks/Carbon.framework/Versions/A/Carbon
0x000000011bdbc000 	/System/Library/PrivateFrameworks/JavaLaunching.framework/Versions/A/JavaLaunching
0x000000000811f000 	/System/Library/Frameworks/Carbon.framework/Versions/A/Frameworks/CommonPanels.framework/Versions/A/CommonPanels
0x000000000811f000 	/System/Library/Frameworks/Carbon.framework/Versions/A/Frameworks/Help.framework/Versions/A/Help
0x000000000811f000 	/System/Library/Frameworks/Carbon.framework/Versions/A/Frameworks/ImageCapture.framework/Versions/A/ImageCapture
0x000000000811f000 	/System/Library/Frameworks/Carbon.framework/Versions/A/Frameworks/OpenScripting.framework/Versions/A/OpenScripting
0x000000000811f000 	/System/Library/Frameworks/Carbon.framework/Versions/A/Frameworks/Print.framework/Versions/A/Print
0x000000000811f000 	/System/Library/Frameworks/Carbon.framework/Versions/A/Frameworks/SecurityHI.framework/Versions/A/SecurityHI
0x000000011d6dd000 	/Library/Java/JavaVirtualMachines/jdk1.8.0_20.jdk/Contents/Home/jre/lib/libdt_socket.dylib
0x000000011d738000 	/Users/alanh/.swt/lib/macosx/x86_64/libswt-cocoa-4332.jnilib
0x000000000811f000 	/System/Library/Frameworks/WebKit.framework/Versions/A/WebKit
0x000000000811f000 	/System/Library/Frameworks/JavaScriptCore.framework/Versions/A/JavaScriptCore
0x000000000811f000 	/System/Library/Frameworks/SecurityInterface.framework/Versions/A/SecurityInterface
0x000000000811f000 	/System/Library/Frameworks/WebKit.framework/Versions/A/Frameworks/WebKitLegacy.framework/Versions/A/WebKitLegacy
0x000000000811f000 	/System/Library/Frameworks/WebKit.framework/Versions/A/Frameworks/WebCore.framework/Versions/A/WebCore
0x000000011d804000 	/Users/alanh/.swt/lib/macosx/x86_64/libswt-pi-cocoa-4332.jnilib
0x000000000811f000 	/System/Library/PrivateFrameworks/CoreServicesInternal.framework/Versions/A/CoreServicesInternal
0x000000000811f000 	/System/Library/Frameworks/CoreGraphics.framework/Versions/A/Resources/libCGXType.A.dylib
0x000000000811f000 	/System/Library/Frameworks/Accelerate.framework/Versions/A/Frameworks/vImage.framework/Versions/A/Libraries/libCGInterfaces.dylib
0x000000000811f000 	/System/Library/Frameworks/CoreGraphics.framework/Versions/A/Resources/libRIP.A.dylib
0x000000000811f000 	/System/Library/Frameworks/OpenCL.framework/Versions/A/Libraries/libcldcpuengine.dylib
0x000000000811f000 	/System/Library/PrivateFrameworks/DiskImages.framework/Versions/A/DiskImages
0x000000000811f000 	/System/Library/Frameworks/DiscRecording.framework/Versions/A/DiscRecording
0x000000000811f000 	/usr/lib/libcsfde.dylib
0x000000000811f000 	/usr/lib/libcurl.4.dylib
0x000000000811f000 	/System/Library/PrivateFrameworks/MediaKit.framework/Versions/A/MediaKit
0x000000000811f000 	/System/Library/PrivateFrameworks/ProtectedCloudStorage.framework/Versions/A/ProtectedCloudStorage
0x000000000811f000 	/usr/lib/libCoreStorage.dylib
0x000000000811f000 	/System/Library/PrivateFrameworks/EFILogin.framework/Versions/A/EFILogin
0x000000000811f000 	/usr/lib/libutil.dylib
0x000000000811f000 	/System/Library/PrivateFrameworks/FindMyDevice.framework/Versions/A/FindMyDevice
0x000000000811f000 	/System/Library/Frameworks/LDAP.framework/Versions/A/LDAP
0x000000000811f000 	/usr/lib/libsasl2.2.dylib
0x000000000811f000 	/System/Library/PrivateFrameworks/CoreDaemon.framework/Versions/B/CoreDaemon
0x000000000811f000 	/usr/lib/libcrypto.0.9.8.dylib
0x000000000811f000 	/System/Library/PrivateFrameworks/AppleSRP.framework/Versions/A/AppleSRP
0x000000000811f000 	/System/Library/PrivateFrameworks/TrustEvaluationAgent.framework/Versions/A/TrustEvaluationAgent
0x000000011f057000 	cl_kernels
0x000000000811f000 	/System/Library/Frameworks/OpenCL.framework/Versions/A/Libraries/ImageFormats/unorm8_bgra.dylib
0x000000000811f000 	/System/Library/Frameworks/OpenCL.framework/Versions/A/Libraries/ImageFormats/unorm8_rgba.dylib
0x000000011f100000 	/System/Library/PrivateFrameworks/WebContentAnalysis.framework/WebContentAnalysis
0x000000000811f000 	/System/Library/Frameworks/LatentSemanticMapping.framework/Versions/A/LatentSemanticMapping
0x000000000811f000 	/System/Library/PrivateFrameworks/SystemAdministration.framework/Versions/A/SystemAdministration
0x000000000811f000 	/System/Library/Frameworks/DirectoryService.framework/Versions/A/DirectoryService
0x000000000811f000 	/System/Library/PrivateFrameworks/LoginUIKit.framework/Versions/A/Frameworks/LoginUICore.framework/Versions/A/LoginUICore
0x000000000811f000 	/usr/lib/libodfde.dylib
0x000000000811f000 	/System/Library/Frameworks/NetworkExtension.framework/Versions/A/NetworkExtension
0x000000000811f000 	/System/Library/PrivateFrameworks/Network.framework/Versions/A/Network
0x000000000811f000 	/System/Library/PrivateFrameworks/EAP8021X.framework/Versions/A/EAP8021X
0x000000000811f000 	/usr/lib/libnetwork.dylib
0x000000000811f000 	/System/Library/CoreServices/RawCamera.bundle/Contents/MacOS/RawCamera
0x000000000811f000 	/System/Library/Frameworks/AVFoundation.framework/Versions/A/AVFoundation
0x000000000811f000 	/System/Library/Frameworks/AVFoundation.framework/Versions/A/Resources/libAVFAudio.dylib
0x000000000811f000 	/System/Library/Frameworks/CoreMedia.framework/Versions/A/CoreMedia
0x000000000811f000 	/System/Library/Frameworks/MediaToolbox.framework/Versions/A/MediaToolbox
0x000000000811f000 	/System/Library/Frameworks/VideoToolbox.framework/Versions/A/VideoToolbox
0x000000000811f000 	/System/Library/Frameworks/CoreMediaIO.framework/Versions/A/CoreMediaIO
0x000000000811f000 	/usr/lib/libspindump.dylib
0x000000000811f000 	/System/Library/PrivateFrameworks/CoreAVCHD.framework/Versions/A/CoreAVCHD
0x000000000811f000 	/System/Library/Frameworks/MediaAccessibility.framework/Versions/A/MediaAccessibility
0x000000000811f000 	/System/Library/PrivateFrameworks/Mangrove.framework/Versions/A/Mangrove
0x000000000811f000 	/System/Library/PrivateFrameworks/CoreAUC.framework/Versions/A/CoreAUC
0x000000000811f000 	/System/Library/PrivateFrameworks/AppleVA.framework/Versions/A/AppleVA
0x000000000811f000 	/System/Library/PrivateFrameworks/XPCService.framework/Versions/A/XPCService
0x000000000811f000 	/System/Library/PrivateFrameworks/AppSandbox.framework/Versions/A/AppSandbox
0x000000000811f000 	/usr/lib/libsandbox.1.dylib
0x000000000811f000 	/System/Library/PrivateFrameworks/AppContainer.framework/Versions/A/AppContainer
0x000000000811f000 	/System/Library/PrivateFrameworks/SecCodeWrapper.framework/Versions/A/SecCodeWrapper
0x000000000811f000 	/usr/lib/libMatch.1.dylib
0x000000011fb38000 	/Library/Java/JavaVirtualMachines/jdk1.8.0_20.jdk/Contents/Home/jre/lib/libnet.dylib
0x000000011fb4f000 	/Library/Java/JavaVirtualMachines/jdk1.8.0_20.jdk/Contents/Home/jre/lib/libnio.dylib
0x000000000811f000 	/System/Library/PrivateFrameworks/FamilyControls.framework/Versions/A/FamilyControls
0x000000000811f000 	/System/Library/PrivateFrameworks/CommerceKit.framework/Versions/A/Frameworks/CommerceCore.framework/Versions/A/CommerceCore

VM Arguments:
jvm_args: -agentlib:jdwp=transport=dt_socket,suspend=y,address=localhost:54432 -Dfile.encoding=UTF-8 
java_command: br.com.dbez.webservice.SiteThumbnailGeneratorWSPublisher
java_class_path (initial): /Users/alanh/Development/SourceCode/workspace/SiteThumbnailWS/bin:/Users/alanh/Development/SourceCode/workspace/SiteThumbnailWS/lib/swt.jar
Launcher Type: SUN_STANDARD

Environment Variables:
PATH=/usr/bin:/bin:/usr/sbin:/sbin
SHELL=/bin/bash
DISPLAY=/private/tmp/com.apple.launchd.Q2vjFZO128/org.macosforge.xquartz:0

Signal Handlers:
SIGSEGV: [libjvm.dylib+0x578fd7], sa_mask[0]=11111111011111110111111111111111, sa_flags=SA_ONSTACK|SA_RESTART|SA_SIGINFO
SIGBUS: [libjvm.dylib+0x578fd7], sa_mask[0]=11111111011111110111111111111111, sa_flags=SA_RESTART|SA_SIGINFO
SIGFPE: [libjvm.dylib+0x45ab0c], sa_mask[0]=11111111011111110111111111111111, sa_flags=SA_RESTART|SA_SIGINFO
SIGPIPE: [libjvm.dylib+0x45ab0c], sa_mask[0]=11111111011111110111111111111111, sa_flags=SA_RESTART|SA_SIGINFO
SIGXFSZ: [libjvm.dylib+0x45ab0c], sa_mask[0]=11111111011111110111111111111111, sa_flags=SA_RESTART|SA_SIGINFO
SIGILL: [libjvm.dylib+0x45ab0c], sa_mask[0]=11111111011111110111111111111111, sa_flags=SA_RESTART|SA_SIGINFO
SIGUSR1: SIG_DFL, sa_mask[0]=00000000000000000000000000000000, sa_flags=none
SIGUSR2: [libjvm.dylib+0x45a62a], sa_mask[0]=00100000000000000000000000000000, sa_flags=SA_RESTART|SA_SIGINFO
SIGHUP: [libjvm.dylib+0x458bfd], sa_mask[0]=11111111011111110111111111111111, sa_flags=SA_RESTART|SA_SIGINFO
SIGINT: [libjvm.dylib+0x458bfd], sa_mask[0]=11111111011111110111111111111111, sa_flags=SA_RESTART|SA_SIGINFO
SIGTERM: [libjvm.dylib+0x458bfd], sa_mask[0]=11111111011111110111111111111111, sa_flags=SA_RESTART|SA_SIGINFO
SIGQUIT: [libjvm.dylib+0x458bfd], sa_mask[0]=11111111011111110111111111111111, sa_flags=SA_RESTART|SA_SIGINFO


---------------  S Y S T E M  ---------------

OS:Bsduname:Darwin 15.3.0 Darwin Kernel Version 15.3.0: Thu Dec 10 18:40:58 PST 2015; root:xnu-3248.30.4~1/RELEASE_X86_64 x86_64
rlimit: STACK 8192k, CORE 0k, NPROC 709, NOFILE 10240, AS infinity
load average:1.95 1.82 1.77

CPU:total 2 (2 cores per cpu, 1 threads per core) family 6 model 23 stepping 6, cmov, cx8, fxsr, mmx, sse, sse2, sse3, ssse3, sse4.1, tsc

Memory: 4k page, physical 8388608k(884604k free)

/proc/meminfo:


vm_info: Java HotSpot(TM) 64-Bit Server VM (25.20-b23) for bsd-amd64 JRE (1.8.0_20-b26), built on Jul 30 2014 13:37:47 by "java_re" with gcc 4.2.1 (Based on Apple Inc. build 5658) (LLVM build 2336.9.00)

time: Tue Mar  8 18:24:38 2016
elapsed time: 10 seconds (0d 0h 0m 10s)

